<?xml version="1.0" encoding="utf-8"?><testsuites name="pytest tests"><testsuite name="pytest" errors="0" failures="0" skipped="0" tests="4" time="0.970" timestamp="2026-05-26T08:38:28.739492+00:00" hostname="agent-env-e413778d-759c-4e07-8e60-2ace28a2b61b"><testcase classname="backend.tests.test_actor_resolution_invariant" name="test_1_reco_no_header_synthetic_body_userid_is_legacy_200" time="0.390" /><testcase classname="backend.tests.test_actor_resolution_invariant" name="test_2_reco_real_non_owner_xuserid_is_403" time="0.204" /><testcase classname="backend.tests.test_actor_resolution_invariant" name="test_3_cc_close_day_synthetic_xuserid_is_bypassed" time="0.207" /><testcase classname="backend.tests.test_actor_resolution_invariant" name="test_4_cc_close_day_real_non_owner_xuserid_is_403" time="0.099" /></testsuite></testsuites>