<?xml version="1.0" encoding="utf-8"?><testsuites name="pytest tests"><testsuite name="pytest" errors="0" failures="0" skipped="0" tests="32" time="2.725" timestamp="2026-05-26T08:18:19.641486+00:00" hostname="agent-env-e413778d-759c-4e07-8e60-2ace28a2b61b"><testcase classname="backend.tests.test_assignment_feature.TestClientCreatedBy" name="test_create_client_stamps_created_by_admin" time="0.348" /><testcase classname="backend.tests.test_assignment_feature.TestClientCreatedBy" name="test_create_client_no_header_falls_back_to_admin" time="0.045" /><testcase classname="backend.tests.test_assignment_feature.TestClientCreatedBy" name="test_migration_backfilled_existing_clients" time="0.047" /><testcase classname="backend.tests.test_assignment_feature.TestAssignmentCRUD" name="test_create_assignment_full_session" time="0.285" /><testcase classname="backend.tests.test_assignment_feature.TestAssignmentCRUD" name="test_create_assignment_invalid_type" time="0.046" /><testcase classname="backend.tests.test_assignment_feature.TestAssignmentCRUD" name="test_create_assignment_specific_requires_report_types" time="0.048" /><testcase classname="backend.tests.test_assignment_feature.TestAssignmentCRUD" name="test_self_assignment_blocked" time="0.047" /><testcase classname="backend.tests.test_assignment_feature.TestAssignmentCRUD" name="test_assignee_does_not_exist" time="0.046" /><testcase classname="backend.tests.test_assignment_feature.TestAssignmentCRUD" name="test_only_owner_can_assign" time="0.182" /><testcase classname="backend.tests.test_assignment_feature.TestAssignmentCRUD" name="test_list_my_assignments" time="0.046" /><testcase classname="backend.tests.test_assignment_feature.TestAssignmentCRUD" name="test_list_by_me_assignments" time="0.047" /><testcase classname="backend.tests.test_assignment_feature.TestAssignmentCRUD" name="test_list_assignable_users_excludes_caller" time="0.048" /><testcase classname="backend.tests.test_assignment_feature.TestAssignmentCheck" name="test_owner_check_returns_owner_full" time="0.044" /><testcase classname="backend.tests.test_assignment_feature.TestAssignmentCheck" name="test_assignee_full_session_detailed_edit_reco" time="0.049" /><testcase classname="backend.tests.test_assignment_feature.TestAssignmentCheck" name="test_assignee_full_session_other_report_no_reco_edit" time="0.047" /><testcase classname="backend.tests.test_assignment_feature.TestAssignmentCheck" name="test_stranger_no_access" time="0.045" /><testcase classname="backend.tests.test_assignment_feature.TestAssignmentCheck" name="test_specific_reports_scoping" time="0.182" /><testcase classname="backend.tests.test_assignment_feature.TestEditGates" name="test_edit_barcode_assignee_blocked" time="0.047" /><testcase classname="backend.tests.test_assignment_feature.TestEditGates" name="test_undo_edit_assignee_blocked" time="0.116" /><testcase classname="backend.tests.test_assignment_feature.TestEditGates" name="test_reco_detailed_assignee_allowed" time="0.046" /><testcase classname="backend.tests.test_assignment_feature.TestEditGates" name="test_reco_barcode_assignee_blocked" time="0.044" /><testcase classname="backend.tests.test_assignment_feature.TestEditGates" name="test_reco_article_assignee_blocked" time="0.047" /><testcase classname="backend.tests.test_assignment_feature.TestEditGates" name="test_owner_reco_any_type_allowed" time="0.150" /><testcase classname="backend.tests.test_assignment_feature.TestEditGates" name="test_no_xuserid_legacy_allowed" time="0.048" /><testcase classname="backend.tests.test_assignment_feature.TestRevoke" name="test_revoke_forbidden_for_non_assigner" time="0.046" /><testcase classname="backend.tests.test_assignment_feature.TestRevoke" name="test_revoke_by_owner" time="0.046" /><testcase classname="backend.tests.test_assignment_feature.TestRevoke" name="test_revoke_idempotent" time="0.051" /><testcase classname="backend.tests.test_assignment_feature.TestRevoke" name="test_post_revoke_check_partial" time="0.046" /><testcase classname="backend.tests.test_assignment_feature.TestCycleCountGates" name="test_close_day_non_owner_blocked" time="0.188" /><testcase classname="backend.tests.test_assignment_feature.TestCycleCountGates" name="test_delete_day_non_owner_blocked" time="0.047" /><testcase classname="backend.tests.test_assignment_feature.TestCycleCountGates" name="test_delete_project_non_owner_blocked" time="0.047" /><testcase classname="backend.tests.test_assignment_feature.TestCycleCountGates" name="test_close_day_owner_allowed" time="0.048" /></testsuite></testsuites>