<?xml version="1.0" encoding="utf-8"?><testsuites name="pytest tests"><testsuite name="pytest" errors="0" failures="0" skipped="0" tests="15" time="2.328" timestamp="2026-05-08T09:54:10.333924+00:00" hostname="agent-env-33ef60f4-197a-4d3f-be96-3ab94ea97ee4"><testcase classname="backend.tests.test_cycle_count_flow.TestClientType" name="test_create_cc_client_persisted" time="0.311" /><testcase classname="backend.tests.test_cycle_count_flow.TestClientType" name="test_clients_listing_includes_cc" time="0.044" /><testcase classname="backend.tests.test_cycle_count_flow.TestProjectAndSession" name="test_project_created_and_has_audit_session" time="0.098" /><testcase classname="backend.tests.test_cycle_count_flow.TestProjectAndSession" name="test_sessions_auto_include_cc_for_cc_client" time="0.092" /><testcase classname="backend.tests.test_cycle_count_flow.TestProjectAndSession" name="test_sessions_exclude_cc_for_store_client" time="0.092" /><testcase classname="backend.tests.test_cycle_count_flow.TestProjectAndSession" name="test_sessions_global_excludes_cc_by_default" time="0.045" /><testcase classname="backend.tests.test_cycle_count_flow.TestProjectAndSession" name="test_sessions_global_with_include_cc_true" time="0.049" /><testcase classname="backend.tests.test_cycle_count_flow.TestDayWiseFlow" name="test_day1_full_flow" time="0.471" /><testcase classname="backend.tests.test_cycle_count_flow.TestDayWiseFlow" name="test_day1_detailed_and_barcode_reports_have_pick_cols" time="0.159" /><testcase classname="backend.tests.test_cycle_count_flow.TestConsolidatedFlow" name="test_locked_only_consolidated_initially_empty" time="0.075" /><testcase classname="backend.tests.test_cycle_count_flow.TestConsolidatedFlow" name="test_lock_day1_then_consolidated_has_day1_data" time="0.095" /><testcase classname="backend.tests.test_cycle_count_flow.TestConsolidatedFlow" name="test_day2_with_recount_overwrites_consolidated_after_lock" time="0.306" /><testcase classname="backend.tests.test_cycle_count_flow.TestConsolidatedFlow" name="test_consolidated_pending_locations" time="0.049" /><testcase classname="backend.tests.test_cycle_count_flow.TestConsolidatedFlow" name="test_consolidated_empty_bins" time="0.048" /><testcase classname="backend.tests.test_cycle_count_flow.TestExistingFlowsUnchanged" name="test_create_audit_session_for_store" time="0.232" /></testsuite></testsuites>