<?xml version="1.0" encoding="utf-8"?><testsuites name="pytest tests"><testsuite name="pytest" errors="0" failures="0" skipped="0" tests="17" time="2.140" timestamp="2026-05-26T07:15:50.576588+00:00" hostname="agent-env-e413778d-759c-4e07-8e60-2ace28a2b61b"><testcase classname="backend.tests.test_last_edited_popup_backend.TestRecentEndpointContract" name="test_no_history_returns_empty_logs" time="0.244" /><testcase classname="backend.tests.test_last_edited_popup_backend.TestRecentEndpointContract" name="test_missing_barcode_returns_422" time="0.048" /><testcase classname="backend.tests.test_last_edited_popup_backend.TestRecentEndpointContract" name="test_with_history_returns_rows_for_barcode" time="1.157" /><testcase classname="backend.tests.test_last_edited_popup_backend.TestRecentEndpointContract" name="test_limit_param_honored" time="0.047" /><testcase classname="backend.tests.test_last_edited_popup_backend.TestRecentEndpointContract" name="test_default_limit_is_5_or_less" time="0.047" /><testcase classname="backend.tests.test_last_edited_popup_backend.TestRecentEndpointContract" name="test_results_sorted_desc_by_timestamp" time="0.046" /><testcase classname="backend.tests.test_last_edited_popup_backend.TestRecentCrossModule" name="test_cross_module_returns_both_modules" time="0.046" /><testcase classname="backend.tests.test_last_edited_popup_backend.TestRecentClientIdFilter" name="test_client_id_filters_to_one_client" time="0.047" /><testcase classname="backend.tests.test_last_edited_popup_backend.TestRecentClientIdFilter" name="test_unknown_client_id_returns_empty" time="0.050" /><testcase classname="backend.tests.test_last_edited_popup_backend.TestExistingEndpointsUnchanged" name="test_reco_adjust_still_returns_success" time="0.050" /><testcase classname="backend.tests.test_last_edited_popup_backend.TestExistingEndpointsUnchanged" name="test_reco_adjust_still_creates_audit_log" time="0.096" /><testcase classname="backend.tests.test_last_edited_popup_backend.TestExistingEndpointsUnchanged" name="test_search_endpoint_still_works" time="0.048" /><testcase classname="backend.tests.test_last_edited_popup_backend.TestFrontendSourceStatic" name="test_popup_file_present_and_contracted" time="0.000" /><testcase classname="backend.tests.test_last_edited_popup_backend.TestFrontendSourceStatic" name="test_hook_file_present_and_contracted" time="0.000" /><testcase classname="backend.tests.test_last_edited_popup_backend.TestFrontendSourceStatic" name="test_barcode_edit_cell_wired" time="0.000" /><testcase classname="backend.tests.test_last_edited_popup_backend.TestFrontendSourceStatic" name="test_portal_reports_reco_input_wired" time="0.002" /><testcase classname="backend.tests.test_last_edited_popup_backend.TestFrontendSourceStatic" name="test_fullscreen_report_reco_cell_wired" time="0.109" /></testsuite></testsuites>