<?xml version="1.0" encoding="utf-8"?><testsuites name="pytest tests"><testsuite name="pytest" errors="0" failures="0" skipped="0" tests="27" time="4.129" timestamp="2026-05-26T06:58:48.829297+00:00" hostname="agent-env-e413778d-759c-4e07-8e60-2ace28a2b61b"><testcase classname="tests.test_audit_movement_log.TestSearchEndpoint" name="test_search_empty_filters_returns_shape" time="0.145" /><testcase classname="tests.test_audit_movement_log.TestSearchEndpoint" name="test_pagination_limit_skip" time="0.051" /><testcase classname="tests.test_audit_movement_log.TestSearchEndpoint" name="test_pagination_default_and_cap" time="0.096" /><testcase classname="tests.test_audit_movement_log.TestSearchEndpoint" name="test_module_filter_all" time="0.048" /><testcase classname="tests.test_audit_movement_log.TestRecentEndpoint" name="test_recent_no_match" time="0.047" /><testcase classname="tests.test_audit_movement_log.TestRecentEndpoint" name="test_recent_requires_barcode" time="0.045" /><testcase classname="tests.test_audit_movement_log.TestExportEndpoint" name="test_export_returns_valid_xlsx" time="0.226" /><testcase classname="tests.test_audit_movement_log.TestExportEndpoint" name="test_export_with_filters_still_valid" time="0.057" /><testcase classname="tests.test_audit_movement_log.TestCycleCountHooks" name="test_close_day_logs_assign" time="0.274" /><testcase classname="tests.test_audit_movement_log.TestCycleCountHooks" name="test_reopen_day_logs_revoke" time="0.141" /><testcase classname="tests.test_audit_movement_log.TestCycleCountHooks" name="test_complete_project_logs_assign" time="0.118" /><testcase classname="tests.test_audit_movement_log.TestCycleCountHooks" name="test_reopen_project_logs_revoke" time="0.378" /><testcase classname="tests.test_audit_movement_log.TestCycleCountHooks" name="test_delete_day_logs_delete" time="0.164" /><testcase classname="tests.test_audit_movement_log.TestCycleCountHooks" name="test_delete_project_logs_delete" time="0.098" /><testcase classname="tests.test_audit_movement_log.TestRecoAdjustmentHook" name="test_reco_adjust_warehouse_create" time="0.777" /><testcase classname="tests.test_audit_movement_log.TestRecoAdjustmentHook" name="test_reco_adjust_zero_logs_deletion" time="0.661" /><testcase classname="tests.test_audit_movement_log.TestFiltersOnRealData" name="test_filter_by_user_id" time="0.051" /><testcase classname="tests.test_audit_movement_log.TestFiltersOnRealData" name="test_filter_module_cycle_count" time="0.048" /><testcase classname="tests.test_audit_movement_log.TestFiltersOnRealData" name="test_filter_module_warehouse" time="0.048" /><testcase classname="tests.test_audit_movement_log.TestFiltersOnRealData" name="test_filter_by_client_id" time="0.049" /><testcase classname="tests.test_audit_movement_log.TestFiltersOnRealData" name="test_filter_by_barcode_substring" time="0.049" /><testcase classname="tests.test_audit_movement_log.TestFiltersOnRealData" name="test_filter_by_cycle_day" time="0.046" /><testcase classname="tests.test_audit_movement_log.TestFiltersOnRealData" name="test_filter_by_date_range_inclusive" time="0.050" /><testcase classname="tests.test_audit_movement_log.TestFiltersOnRealData" name="test_filter_by_date_range_past_excludes" time="0.098" /><testcase classname="tests.test_audit_movement_log.TestFiltersOnRealData" name="test_recent_endpoint_returns_rows_after_data" time="0.100" /><testcase classname="tests.test_audit_movement_log.TestNonBlockingCodeReview" name="test_log_audit_entry_wrapped_in_try_except" time="0.000" /><testcase classname="tests.test_audit_movement_log.TestMongoIndexes" name="test_indexes_exist" time="0.188" /></testsuite></testsuites>