<?xml version="1.0" encoding="utf-8"?><testsuites name="pytest tests"><testsuite name="pytest" errors="0" failures="0" skipped="1" tests="7" time="1.807" timestamp="2026-02-28T14:38:05.276313+00:00" hostname="agent-env-dced86ae-a95a-4761-b3c7-b1ede2a0dea6"><testcase classname="backend.tests.test_schema_refresh_stock.TestSchemaTemplateDownload" name="test_schema_template_master_type" time="0.347" /><testcase classname="backend.tests.test_schema_refresh_stock.TestSchemaTemplateDownload" name="test_schema_template_stock_type" time="0.116" /><testcase classname="backend.tests.test_schema_refresh_stock.TestSchemaTemplateDownload" name="test_schema_template_default_schema" time="0.457" /><testcase classname="backend.tests.test_schema_refresh_stock.TestRefreshStock" name="test_refresh_stock_warehouse_client" time="0.351" /><testcase classname="backend.tests.test_schema_refresh_stock.TestRefreshStock" name="test_refresh_stock_error_for_store_client" time="0.222"><skipped type="pytest.skip" message="No store-type sessions found to test error case">/app/backend/tests/test_schema_refresh_stock.py:170: No store-type sessions found to test error case</skipped></testcase><testcase classname="backend.tests.test_schema_refresh_stock.TestRefreshStock" name="test_refresh_stock_nonexistent_session" time="0.111" /><testcase classname="backend.tests.test_schema_refresh_stock.TestSessionsWithClientType" name="test_sessions_include_client_type" time="0.141" /></testsuite></testsuites>