<?xml version="1.0" encoding="utf-8"?><testsuites name="pytest tests"><testsuite name="pytest" errors="0" failures="0" skipped="0" tests="14" time="2.450" timestamp="2026-02-28T08:06:21.447665+00:00" hostname="agent-env-acc56e01-5669-4569-85bc-9cfeeaafbfe2"><testcase classname="backend.tests.test_sync_inbox_forward.TestSyncToInbox" name="test_sync_stores_in_inbox" time="0.359" /><testcase classname="backend.tests.test_sync_inbox_forward.TestSyncFinalizeToInbox" name="test_finalize_stores_in_inbox" time="0.212" /><testcase classname="backend.tests.test_sync_inbox_forward.TestInboxSummary" name="test_inbox_summary_returns_scanner_grouping" time="0.158" /><testcase classname="backend.tests.test_sync_inbox_forward.TestInboxSummary" name="test_inbox_summary_empty_session" time="0.053" /><testcase classname="backend.tests.test_sync_inbox_forward.TestInboxItems" name="test_get_inbox_items" time="0.156" /><testcase classname="backend.tests.test_sync_inbox_forward.TestInboxItems" name="test_inbox_items_filter_by_device" time="0.150" /><testcase classname="backend.tests.test_sync_inbox_forward.TestForwardToVariance" name="test_forward_creates_batch_record" time="0.170" /><testcase classname="backend.tests.test_sync_inbox_forward.TestForwardToVariance" name="test_forward_empty_inbox_returns_error" time="0.048" /><testcase classname="backend.tests.test_sync_inbox_forward.TestForwardToVariance" name="test_forward_marks_inbox_as_forwarded" time="0.209" /><testcase classname="backend.tests.test_sync_inbox_forward.TestConflictDetection" name="test_forward_creates_conflict_for_same_location_different_devices" time="0.155" /><testcase classname="backend.tests.test_sync_inbox_forward.TestDeduplication" name="test_forward_deduplicates_same_device_same_location" time="0.313" /><testcase classname="backend.tests.test_sync_inbox_forward.TestForwardBatches" name="test_get_forward_batches" time="0.050" /><testcase classname="backend.tests.test_sync_inbox_forward.TestForwardBatches" name="test_get_forward_batches_filter_by_client" time="0.049" /><testcase classname="backend.tests.test_sync_inbox_forward.TestSyncRawLogs" name="test_sync_creates_raw_log" time="0.158" /></testsuite></testsuites>