<?xml version="1.0" encoding="utf-8"?><testsuites name="pytest tests"><testsuite name="pytest" errors="0" failures="0" skipped="0" tests="10" time="1.534" timestamp="2026-02-28T14:18:44.688044+00:00" hostname="agent-env-dced86ae-a95a-4761-b3c7-b1ede2a0dea6"><testcase classname="backend.tests.test_report_value_columns.TestConsolidatedReportValueColumns" name="test_consolidated_detailed_has_value_columns" time="0.193" /><testcase classname="backend.tests.test_report_value_columns.TestConsolidatedReportValueColumns" name="test_consolidated_barcode_wise_has_value_columns" time="0.159" /><testcase classname="backend.tests.test_report_value_columns.TestConsolidatedReportValueColumns" name="test_consolidated_article_wise_has_value_columns" time="0.162" /><testcase classname="backend.tests.test_report_value_columns.TestConsolidatedReportValueColumns" name="test_consolidated_category_summary_has_value_columns" time="0.140" /><testcase classname="backend.tests.test_report_value_columns.TestSessionReportValueColumns" name="test_session_detailed_has_value_columns" time="0.120" /><testcase classname="backend.tests.test_report_value_columns.TestSessionReportValueColumns" name="test_session_barcode_wise_has_value_columns" time="0.149" /><testcase classname="backend.tests.test_report_value_columns.TestSessionReportValueColumns" name="test_session_article_wise_has_value_columns" time="0.135" /><testcase classname="backend.tests.test_report_value_columns.TestSessionReportValueColumns" name="test_session_category_summary_has_value_columns" time="0.174" /><testcase classname="backend.tests.test_report_value_columns.TestConsolidatedBinWisePendingLocations" name="test_bin_wise_shows_pending_locations" time="0.122" /><testcase classname="backend.tests.test_report_value_columns.TestAdditionalValueColumns" name="test_consolidated_detailed_has_final_value_columns" time="0.131" /></testsuite></testsuites>