<?xml version="1.0" encoding="utf-8"?><testsuites name="pytest tests"><testsuite name="pytest" errors="0" failures="0" skipped="0" tests="11" time="1.527" timestamp="2026-02-23T12:55:38.173005+00:00" hostname="agent-env-acc56e01-5669-4569-85bc-9cfeeaafbfe2"><testcase classname="backend.tests.test_reco_editability.TestRecoEditabilityBackend" name="test_clients_endpoint" time="0.169" /><testcase classname="backend.tests.test_reco_editability.TestRecoEditabilityBackend" name="test_sessions_endpoint" time="0.169" /><testcase classname="backend.tests.test_reco_editability.TestRecoEditabilityBackend" name="test_consolidated_detailed_report" time="0.135" /><testcase classname="backend.tests.test_reco_editability.TestRecoEditabilityBackend" name="test_consolidated_barcode_report" time="0.139" /><testcase classname="backend.tests.test_reco_editability.TestRecoEditabilityBackend" name="test_consolidated_article_report" time="0.156" /><testcase classname="backend.tests.test_reco_editability.TestRecoEditabilityBackend" name="test_individual_detailed_report_no_reco_edit" time="0.117" /><testcase classname="backend.tests.test_reco_editability.TestRecoEditabilityBackend" name="test_individual_barcode_report_no_reco_edit" time="0.129" /><testcase classname="backend.tests.test_reco_editability.TestRecoEditabilityBackend" name="test_reco_adjustment_requires_client_id" time="0.119" /><testcase classname="backend.tests.test_reco_editability.TestRecoEditabilityBackend" name="test_reco_adjustment_with_client_id" time="0.109" /><testcase classname="backend.tests.test_reco_editability.TestRecoEditabilityBackend" name="test_consolidated_bin_wise_summary" time="0.104" /><testcase classname="backend.tests.test_reco_editability.TestRecoEditabilityBackend" name="test_consolidated_category_summary" time="0.111" /></testsuite></testsuites>