<?xml version="1.0" encoding="utf-8"?><testsuites name="pytest tests"><testsuite name="pytest" errors="0" failures="0" skipped="0" tests="9" time="1.198" timestamp="2026-02-28T15:08:45.813515+00:00" hostname="agent-env-dced86ae-a95a-4761-b3c7-b1ede2a0dea6"><testcase classname="tests.test_pending_locations.TestConsolidatedPendingLocations" name="test_pending_locations_returns_correct_structure" time="0.152" /><testcase classname="tests.test_pending_locations.TestConsolidatedPendingLocations" name="test_pending_locations_with_nonexistent_client" time="0.110" /><testcase classname="tests.test_pending_locations.TestReportEndpointsForEmptyData" name="test_detailed_report_empty_data" time="0.141" /><testcase classname="tests.test_pending_locations.TestReportEndpointsForEmptyData" name="test_barcode_wise_report_empty_data" time="0.123" /><testcase classname="tests.test_pending_locations.TestReportEndpointsForEmptyData" name="test_category_summary_report_empty_data" time="0.133" /><testcase classname="tests.test_pending_locations.TestReportEndpointsForEmptyData" name="test_bin_wise_report_empty_data" time="0.103" /><testcase classname="tests.test_pending_locations.TestReportTotalsFor7Cards" name="test_consolidated_detailed_totals_structure" time="0.141" /><testcase classname="tests.test_pending_locations.TestClientAndSessionEndpoints" name="test_get_clients" time="0.133" /><testcase classname="tests.test_pending_locations.TestClientAndSessionEndpoints" name="test_get_sessions_for_client" time="0.102" /></testsuite></testsuites>