<?xml version="1.0" encoding="utf-8"?><testsuites name="pytest tests"><testsuite name="pytest" errors="0" failures="0" skipped="0" tests="13" time="1.801" timestamp="2026-02-23T08:40:12.532511+00:00" hostname="agent-env-64496cab-0bc4-4c7f-beec-b1f87bb77a59"><testcase classname="backend.tests.test_reco_adjustments.TestRecoAdjustmentsAPI" name="test_01_save_reco_detailed_type" time="0.384" /><testcase classname="backend.tests.test_reco_adjustments.TestRecoAdjustmentsAPI" name="test_02_save_reco_barcode_type" time="0.053" /><testcase classname="backend.tests.test_reco_adjustments.TestRecoAdjustmentsAPI" name="test_03_save_reco_article_type" time="0.064" /><testcase classname="backend.tests.test_reco_adjustments.TestRecoAdjustmentsAPI" name="test_04_get_reco_adjustments" time="0.056" /><testcase classname="backend.tests.test_reco_adjustments.TestRecoAdjustmentsAPI" name="test_05_delete_reco_by_setting_zero" time="0.159" /><testcase classname="backend.tests.test_reco_adjustments.TestRecoAdjustmentsAPI" name="test_06_clear_all_reco_adjustments" time="0.269" /><testcase classname="backend.tests.test_reco_adjustments.TestReportEndpointsWithReco" name="test_07_detailed_report_has_reco_fields" time="0.067" /><testcase classname="backend.tests.test_reco_adjustments.TestReportEndpointsWithReco" name="test_08_barcode_wise_report_has_reco_fields" time="0.057" /><testcase classname="backend.tests.test_reco_adjustments.TestReportEndpointsWithReco" name="test_09_article_wise_report_has_reco_fields" time="0.061" /><testcase classname="backend.tests.test_reco_adjustments.TestReportEndpointsWithReco" name="test_10_bin_wise_report_has_final_qty" time="0.056" /><testcase classname="backend.tests.test_reco_adjustments.TestReportEndpointsWithReco" name="test_11_category_summary_has_final_qty" time="0.058" /><testcase classname="backend.tests.test_reco_adjustments.TestRecoWithReports" name="test_12_reco_affects_final_qty_in_detailed" time="0.266" /><testcase classname="backend.tests.test_reco_adjustments.TestPortalLogin" name="test_13_portal_login" time="0.053" /></testsuite></testsuites>