<?xml version="1.0" encoding="utf-8"?><testsuites name="pytest tests"><testsuite name="pytest" errors="0" failures="0" skipped="0" tests="12" time="7.570" timestamp="2026-02-28T10:38:51.649676+00:00" hostname="agent-env-753d2a63-0412-46d1-b44f-e76186817801"><testcase classname="backend.tests.test_warehouse_store_client_type.TestClientTypeOnCreate" name="test_create_client_with_warehouse_type" time="0.555" /><testcase classname="backend.tests.test_warehouse_store_client_type.TestClientTypeOnCreate" name="test_create_client_with_store_type_explicit" time="0.437" /><testcase classname="backend.tests.test_warehouse_store_client_type.TestClientTypeOnCreate" name="test_create_client_default_type_is_store" time="0.429" /><testcase classname="backend.tests.test_warehouse_store_client_type.TestGetClientsWithType" name="test_get_clients_returns_client_type" time="0.335" /><testcase classname="backend.tests.test_warehouse_store_client_type.TestWarehouseStockImport" name="test_import_stock_for_warehouse_client" time="0.934" /><testcase classname="backend.tests.test_warehouse_store_client_type.TestWarehouseStockImport" name="test_get_client_stock" time="0.318" /><testcase classname="backend.tests.test_warehouse_store_client_type.TestWarehouseStockImport" name="test_get_client_stock_stats" time="0.341" /><testcase classname="backend.tests.test_warehouse_store_client_type.TestWarehouseStockImport" name="test_clear_client_stock" time="1.190" /><testcase classname="backend.tests.test_warehouse_store_client_type.TestSessionAutoSnapshotForWarehouse" name="test_session_for_warehouse_auto_snapshots_stock" time="0.809" /><testcase classname="backend.tests.test_warehouse_store_client_type.TestSessionAutoSnapshotForWarehouse" name="test_session_for_store_no_auto_snapshot" time="0.670" /><testcase classname="backend.tests.test_warehouse_store_client_type.TestGetSessionWithStockSnapshot" name="test_get_session_returns_stock_snapshot_flag" time="0.542" /><testcase classname="backend.tests.test_warehouse_store_client_type.TestExpectedStockFromSnapshot" name="test_expected_stock_returns_snapshot_records" time="0.585" /></testsuite></testsuites>