<?xml version="1.0" encoding="utf-8"?><testsuites name="pytest tests"><testsuite name="pytest" errors="0" failures="0" skipped="0" tests="14" time="2.088" timestamp="2026-02-23T12:27:02.320519+00:00" hostname="agent-env-acc56e01-5669-4569-85bc-9cfeeaafbfe2"><testcase classname="backend.tests.test_reco_visibility.TestIndividualSessionReports" name="test_individual_bin_wise_report_returns_data" time="0.190" /><testcase classname="backend.tests.test_reco_visibility.TestIndividualSessionReports" name="test_individual_detailed_report_returns_data" time="0.145" /><testcase classname="backend.tests.test_reco_visibility.TestIndividualSessionReports" name="test_individual_barcode_wise_report_returns_data" time="0.168" /><testcase classname="backend.tests.test_reco_visibility.TestIndividualSessionReports" name="test_individual_article_wise_report_returns_data" time="0.109" /><testcase classname="backend.tests.test_reco_visibility.TestIndividualSessionReports" name="test_individual_category_summary_returns_data" time="0.123" /><testcase classname="backend.tests.test_reco_visibility.TestConsolidatedReports" name="test_consolidated_bin_wise_report_returns_reco_fields" time="0.143" /><testcase classname="backend.tests.test_reco_visibility.TestConsolidatedReports" name="test_consolidated_detailed_report_returns_reco_fields" time="0.127" /><testcase classname="backend.tests.test_reco_visibility.TestConsolidatedReports" name="test_consolidated_barcode_wise_report_returns_reco_fields" time="0.107" /><testcase classname="backend.tests.test_reco_visibility.TestConsolidatedReports" name="test_consolidated_article_wise_report_returns_reco_fields" time="0.102" /><testcase classname="backend.tests.test_reco_visibility.TestConsolidatedReports" name="test_consolidated_category_summary_returns_reco_fields" time="0.139" /><testcase classname="backend.tests.test_reco_visibility.TestRecoAdjustments" name="test_save_reco_adjustment_requires_client_id" time="0.106" /><testcase classname="backend.tests.test_reco_visibility.TestRecoAdjustments" name="test_save_reco_adjustment_with_client_id" time="0.217" /><testcase classname="backend.tests.test_reco_visibility.TestRecoAdjustments" name="test_get_reco_adjustments_for_client" time="0.113" /><testcase classname="backend.tests.test_reco_visibility.TestLoginFlow" name="test_login_with_valid_credentials" time="0.110" /></testsuite></testsuites>