<?xml version="1.0" encoding="utf-8"?><testsuites name="pytest tests"><testsuite name="pytest" errors="0" failures="0" skipped="0" tests="16" time="4.627" timestamp="2026-02-23T13:14:33.013562+00:00" hostname="agent-env-acc56e01-5669-4569-85bc-9cfeeaafbfe2"><testcase classname="backend.tests.test_chunked_sync.TestChunkEndpoint" name="test_chunk_upload_success" time="0.430" /><testcase classname="backend.tests.test_chunked_sync.TestChunkEndpoint" name="test_chunk_upload_multiple_chunks" time="0.526" /><testcase classname="backend.tests.test_chunked_sync.TestChunkEndpoint" name="test_chunk_with_invalid_session" time="0.133" /><testcase classname="backend.tests.test_chunked_sync.TestChunkEndpoint" name="test_chunk_auto_registers_device" time="0.234" /><testcase classname="backend.tests.test_chunked_sync.TestFinalizeEndpoint" name="test_finalize_success" time="0.263" /><testcase classname="backend.tests.test_chunked_sync.TestFinalizeEndpoint" name="test_finalize_no_staged_data" time="0.128" /><testcase classname="backend.tests.test_chunked_sync.TestFinalizeEndpoint" name="test_finalize_missing_chunks" time="0.531" /><testcase classname="backend.tests.test_chunked_sync.TestFinalizeEndpoint" name="test_finalize_location_count_mismatch" time="0.361" /><testcase classname="backend.tests.test_chunked_sync.TestFinalizeEndpoint" name="test_finalize_invalid_password" time="0.334" /><testcase classname="backend.tests.test_chunked_sync.TestStagingCleanup" name="test_clear_staging_success" time="0.340" /><testcase classname="backend.tests.test_chunked_sync.TestStagingCleanup" name="test_clear_nonexistent_batch" time="0.151" /><testcase classname="backend.tests.test_chunked_sync.TestOriginalSyncEndpoint" name="test_original_sync_still_works" time="0.113" /><testcase classname="backend.tests.test_chunked_sync.TestOriginalSyncEndpoint" name="test_original_sync_empty_locations" time="0.118" /><testcase classname="backend.tests.test_chunked_sync.TestEndToEndChunkedSync" name="test_full_chunked_sync_flow" time="0.556" /><testcase classname="backend.tests.test_chunked_sync.TestEndToEndChunkedSync" name="test_chunked_sync_with_empty_bins" time="0.215" /><testcase classname="backend.tests.test_chunked_sync.TestSyncConfigEndpoint" name="test_get_sync_config" time="0.115" /></testsuite></testsuites>