<?xml version="1.0" encoding="utf-8"?><testsuites name="pytest tests"><testsuite name="pytest" errors="0" failures="0" skipped="0" tests="11" time="5.103" timestamp="2026-03-08T08:07:07.317085+00:00" hostname="agent-env-cf9064c7-c17f-4273-9ef3-cf44ade11bca"><testcase classname="backend.tests.test_bugs_and_api.TestHealthEndpoints" name="test_dashboard_endpoint" time="0.221" /><testcase classname="backend.tests.test_bugs_and_api.TestHealthEndpoints" name="test_clients_endpoint" time="0.115" /><testcase classname="backend.tests.test_bugs_and_api.TestHealthEndpoints" name="test_sessions_endpoint" time="0.139" /><testcase classname="backend.tests.test_bugs_and_api.TestHealthEndpoints" name="test_devices_endpoint" time="0.103" /><testcase classname="backend.tests.test_bugs_and_api.TestPortalLogin" name="test_login_with_valid_credentials" time="0.114" /><testcase classname="backend.tests.test_bugs_and_api.TestPortalLogin" name="test_login_with_invalid_credentials" time="0.150" /><testcase classname="backend.tests.test_bugs_and_api.TestBug1MasterCSVUpload" name="test_csv_file_has_non_utf8_characters" time="0.006" /><testcase classname="backend.tests.test_bugs_and_api.TestBug1MasterCSVUpload" name="test_master_csv_upload_with_non_utf8_characters" time="3.108" /><testcase classname="backend.tests.test_bugs_and_api.TestSafeFloatFunction" name="test_comma_separated_numbers_in_csv" time="0.318" /><testcase classname="backend.tests.test_bugs_and_api.TestAdditionalEndpoints" name="test_client_schema_endpoint" time="0.274" /><testcase classname="backend.tests.test_bugs_and_api.TestAdditionalEndpoints" name="test_master_products_stats_endpoint" time="0.372" /></testsuite></testsuites>