<?xml version="1.0" encoding="utf-8"?><testsuites name="pytest tests"><testsuite name="pytest" errors="0" failures="0" skipped="0" tests="15" time="6.378" timestamp="2026-02-28T09:52:55.655049+00:00" hostname="agent-env-753d2a63-0412-46d1-b44f-e76186817801"><testcase classname="backend.tests.test_dynamic_schema.TestSchemaEndpoints" name="test_get_default_schema" time="0.449" /><testcase classname="backend.tests.test_dynamic_schema.TestSchemaEndpoints" name="test_get_existing_client_schema" time="0.309" /><testcase classname="backend.tests.test_dynamic_schema.TestSchemaEndpoints" name="test_save_schema" time="0.920" /><testcase classname="backend.tests.test_dynamic_schema.TestSchemaEndpoints" name="test_save_schema_invalid_client" time="0.347" /><testcase classname="backend.tests.test_dynamic_schema.TestTemplateDownload" name="test_download_master_template" time="0.290" /><testcase classname="backend.tests.test_dynamic_schema.TestTemplateDownload" name="test_download_stock_template" time="0.325" /><testcase classname="backend.tests.test_dynamic_schema.TestMasterImportWithCustomFields" name="test_import_master_with_extra_fields" time="0.291" /><testcase classname="backend.tests.test_dynamic_schema.TestMasterProductsWithExtraColumns" name="test_get_master_products_with_extra_columns" time="0.304" /><testcase classname="backend.tests.test_dynamic_schema.TestConsolidatedReportsExtraColumns" name="test_consolidated_detailed_extra_columns" time="0.364" /><testcase classname="backend.tests.test_dynamic_schema.TestConsolidatedReportsExtraColumns" name="test_consolidated_barcode_wise_extra_columns" time="0.317" /><testcase classname="backend.tests.test_dynamic_schema.TestConsolidatedReportsExtraColumns" name="test_consolidated_article_wise_extra_columns" time="0.358" /><testcase classname="backend.tests.test_dynamic_schema.TestIndividualSessionReportsExtraColumns" name="test_individual_detailed_extra_columns" time="0.572" /><testcase classname="backend.tests.test_dynamic_schema.TestIndividualSessionReportsExtraColumns" name="test_individual_barcode_wise_extra_columns" time="0.308" /><testcase classname="backend.tests.test_dynamic_schema.TestIndividualSessionReportsExtraColumns" name="test_individual_article_wise_extra_columns" time="0.328" /><testcase classname="backend.tests.test_dynamic_schema.TestCleanup" name="test_cleanup_test_custom_field" time="0.619" /></testsuite></testsuites>