<?xml version="1.0" encoding="utf-8"?><testsuites name="pytest tests"><testsuite name="pytest" errors="0" failures="0" skipped="0" tests="10" time="1.958" timestamp="2026-02-28T08:37:46.817856+00:00" hostname="agent-env-acc56e01-5669-4569-85bc-9cfeeaafbfe2"><testcase classname="backend.tests.test_export_banner_badge.TestExportAllLogsEndpoint" name="test_export_all_logs_requires_client_id" time="0.204" /><testcase classname="backend.tests.test_export_banner_badge.TestExportAllLogsEndpoint" name="test_export_all_logs_with_client_id_only" time="0.169" /><testcase classname="backend.tests.test_export_banner_badge.TestExportAllLogsEndpoint" name="test_export_logs_with_session_id_filter" time="0.193" /><testcase classname="backend.tests.test_export_banner_badge.TestExportAllLogsEndpoint" name="test_export_logs_with_date_filter" time="0.158" /><testcase classname="backend.tests.test_export_banner_badge.TestExportAllLogsEndpoint" name="test_export_nonexistent_client_returns_404" time="0.166" /><testcase classname="backend.tests.test_export_banner_badge.TestInboxBadgeCount" name="test_inbox_summary_returns_pending_count" time="0.211" /><testcase classname="backend.tests.test_export_banner_badge.TestInboxBadgeCount" name="test_inbox_summary_returns_scanner_details" time="0.152" /><testcase classname="backend.tests.test_export_banner_badge.TestPendingBannerData" name="test_inbox_summary_provides_banner_info" time="0.157" /><testcase classname="backend.tests.test_export_banner_badge.TestForwardToVarianceButton" name="test_forward_endpoint_exists" time="0.167" /><testcase classname="backend.tests.test_export_banner_badge.TestSyncToCreatePendingData" name="test_sync_creates_pending_inbox_data" time="0.309" /></testsuite></testsuites>