<?xml version="1.0" encoding="utf-8"?><testsuites name="pytest tests"><testsuite name="pytest" errors="0" failures="1" skipped="0" tests="9" time="1.472" timestamp="2026-02-28T15:08:25.308871+00:00" hostname="agent-env-dced86ae-a95a-4761-b3c7-b1ede2a0dea6"><testcase classname="tests.test_pending_locations.TestConsolidatedPendingLocations" name="test_pending_locations_returns_correct_structure" time="0.254" /><testcase classname="tests.test_pending_locations.TestConsolidatedPendingLocations" name="test_pending_locations_with_nonexistent_client" time="0.120" /><testcase classname="tests.test_pending_locations.TestReportEndpointsForEmptyData" name="test_detailed_report_empty_data" time="0.131" /><testcase classname="tests.test_pending_locations.TestReportEndpointsForEmptyData" name="test_barcode_wise_report_empty_data" time="0.124" /><testcase classname="tests.test_pending_locations.TestReportEndpointsForEmptyData" name="test_category_summary_report_empty_data" time="0.215" /><testcase classname="tests.test_pending_locations.TestReportEndpointsForEmptyData" name="test_empty_bins_report" time="0.108"><failure message="AssertionError: Expected 200, got 404&#10;assert 404 == 200&#10; +  where 404 = &lt;Response [404]&gt;.status_code">tests/test_pending_locations.py:126: in test_empty_bins_report
    assert response.status_code == 200, f"Expected 200, got {response.status_code}"
E   AssertionError: Expected 200, got 404
E   assert 404 == 200
E    +  where 404 = &lt;Response [404]&gt;.status_code</failure></testcase><testcase classname="tests.test_pending_locations.TestReportTotalsFor7Cards" name="test_consolidated_detailed_totals_structure" time="0.149" /><testcase classname="tests.test_pending_locations.TestClientAndSessionEndpoints" name="test_get_clients" time="0.103" /><testcase classname="tests.test_pending_locations.TestClientAndSessionEndpoints" name="test_get_sessions_for_client" time="0.188" /></testsuite></testsuites>