<?xml version="1.0" encoding="utf-8"?><testsuites name="pytest tests"><testsuite name="pytest" errors="0" failures="0" skipped="0" tests="12" time="2.887" timestamp="2026-02-28T08:17:27.719862+00:00" hostname="agent-env-acc56e01-5669-4569-85bc-9cfeeaafbfe2"><testcase classname="backend.tests.test_sync_logs_by_scanner.TestByScannerEndpoint" name="test_by_scanner_returns_list" time="0.386" /><testcase classname="backend.tests.test_sync_logs_by_scanner.TestByScannerEndpoint" name="test_by_scanner_group_structure" time="0.163" /><testcase classname="backend.tests.test_sync_logs_by_scanner.TestByScannerEndpoint" name="test_by_scanner_syncs_array_structure" time="0.209" /><testcase classname="backend.tests.test_sync_logs_by_scanner.TestByScannerEndpoint" name="test_by_scanner_with_session_filter" time="0.327" /><testcase classname="backend.tests.test_sync_logs_by_scanner.TestByScannerEndpoint" name="test_by_scanner_sync_count_matches" time="0.155" /><testcase classname="backend.tests.test_sync_logs_by_scanner.TestByScannerEndpoint" name="test_by_scanner_totals_aggregation" time="0.161" /><testcase classname="backend.tests.test_sync_logs_by_scanner.TestByScannerEndpoint" name="test_by_scanner_without_client_id" time="0.158" /><testcase classname="backend.tests.test_sync_logs_by_scanner.TestSingleLogExport" name="test_export_single_log_csv" time="0.315" /><testcase classname="backend.tests.test_sync_logs_by_scanner.TestSingleLogExport" name="test_export_nonexistent_log" time="0.150" /><testcase classname="backend.tests.test_sync_logs_by_scanner.TestPreviousFeatures" name="test_inbox_summary_works" time="0.311" /><testcase classname="backend.tests.test_sync_logs_by_scanner.TestPreviousFeatures" name="test_forward_batches_works" time="0.311" /><testcase classname="backend.tests.test_sync_logs_by_scanner.TestPreviousFeatures" name="test_grouped_logs_fallback_works" time="0.158" /></testsuite></testsuites>