<?xml version="1.0" encoding="utf-8"?><testsuites name="pytest tests"><testsuite name="pytest" errors="0" failures="0" skipped="0" tests="8" time="3.186" timestamp="2026-02-28T08:55:14.947994+00:00" hostname="agent-env-acc56e01-5669-4569-85bc-9cfeeaafbfe2"><testcase classname="backend.tests.test_rollback_conflict.TestRollbackBatch" name="test_create_sync_forward_rollback_full_flow" time="0.965" /><testcase classname="backend.tests.test_rollback_conflict.TestRollbackBatch" name="test_rollback_nonexistent_batch" time="0.201" /><testcase classname="backend.tests.test_rollback_conflict.TestRollbackBatch" name="test_rollback_removes_from_synced_locations" time="0.314" /><testcase classname="backend.tests.test_rollback_conflict.TestConflictResolutionCleanup" name="test_conflict_resolution_removes_rejected_from_inbox" time="0.600" /><testcase classname="backend.tests.test_rollback_conflict.TestConflictResolutionCleanup" name="test_conflict_endpoint_exists" time="0.158" /><testcase classname="backend.tests.test_rollback_conflict.TestConflictResolutionCleanup" name="test_conflict_summary_endpoint" time="0.158" /><testcase classname="backend.tests.test_rollback_conflict.TestForwardBatchesEndpoint" name="test_get_forward_batches" time="0.167" /><testcase classname="backend.tests.test_rollback_conflict.TestInboxAfterRollback" name="test_inbox_summary_shows_pending_after_rollback" time="0.522" /></testsuite></testsuites>