<?xml version="1.0" encoding="utf-8"?><testsuites name="pytest tests"><testsuite name="pytest" errors="0" failures="0" skipped="0" tests="7" time="2.033" timestamp="2026-02-28T14:38:28.670248+00:00" hostname="agent-env-dced86ae-a95a-4761-b3c7-b1ede2a0dea6"><testcase classname="backend.tests.test_schema_refresh_stock.TestSchemaTemplateDownload" name="test_schema_template_master_type" time="0.234" /><testcase classname="backend.tests.test_schema_refresh_stock.TestSchemaTemplateDownload" name="test_schema_template_stock_type" time="0.110" /><testcase classname="backend.tests.test_schema_refresh_stock.TestSchemaTemplateDownload" name="test_schema_template_default_schema" time="0.511" /><testcase classname="backend.tests.test_schema_refresh_stock.TestRefreshStock" name="test_refresh_stock_warehouse_client" time="0.375" /><testcase classname="backend.tests.test_schema_refresh_stock.TestRefreshStock" name="test_refresh_stock_error_for_store_client" time="0.531" /><testcase classname="backend.tests.test_schema_refresh_stock.TestRefreshStock" name="test_refresh_stock_nonexistent_session" time="0.107" /><testcase classname="backend.tests.test_schema_refresh_stock.TestSessionsWithClientType" name="test_sessions_include_client_type" time="0.118" /></testsuite></testsuites>