<?xml version="1.0" encoding="utf-8"?><testsuites name="pytest tests"><testsuite name="pytest" errors="0" failures="0" skipped="0" tests="9" time="5.845" timestamp="2026-02-28T09:11:00.220458+00:00" hostname="agent-env-acc56e01-5669-4569-85bc-9cfeeaafbfe2"><testcase classname="backend.tests.test_delete_rebuild.TestDeleteBatchPermanent" name="test_delete_batch_removes_from_variance_permanently" time="1.271" /><testcase classname="backend.tests.test_delete_rebuild.TestDeleteBatchPermanent" name="test_delete_nonexistent_batch_returns_404" time="0.202" /><testcase classname="backend.tests.test_delete_rebuild.TestRebuildVariance" name="test_rebuild_variance_endpoint_exists" time="0.211" /><testcase classname="backend.tests.test_delete_rebuild.TestRebuildVariance" name="test_rebuild_variance_clears_and_rebuilds" time="0.633" /><testcase classname="backend.tests.test_delete_rebuild.TestRebuildVariance" name="test_rebuild_returns_proper_counts" time="0.233" /><testcase classname="backend.tests.test_delete_rebuild.TestRebuildDeduplication" name="test_rebuild_keeps_latest_per_device_per_location" time="1.170" /><testcase classname="backend.tests.test_delete_rebuild.TestRebuildConflictDetection" name="test_rebuild_creates_conflicts_for_different_devices" time="0.526" /><testcase classname="backend.tests.test_delete_rebuild.TestDeleteBatchVsRollback" name="test_delete_batch_does_not_reset_inbox_to_pending" time="0.665" /><testcase classname="backend.tests.test_delete_rebuild.TestFullDeleteRebuildFlow" name="test_delete_then_rebuild_restores_data" time="0.727" /></testsuite></testsuites>