<?xml version="1.0" encoding="utf-8"?><testsuites name="pytest tests"><testsuite name="pytest" errors="7" failures="16" skipped="1" tests="67" time="12.339" timestamp="2026-05-26T08:18:27.972155+00:00" hostname="agent-env-e413778d-759c-4e07-8e60-2ace28a2b61b"><testcase classname="backend.tests.test_audit_movement_log.TestSearchEndpoint" name="test_search_empty_filters_returns_shape" time="0.102" /><testcase classname="backend.tests.test_audit_movement_log.TestSearchEndpoint" name="test_pagination_limit_skip" time="0.050" /><testcase classname="backend.tests.test_audit_movement_log.TestSearchEndpoint" name="test_pagination_default_and_cap" time="0.096" /><testcase classname="backend.tests.test_audit_movement_log.TestSearchEndpoint" name="test_module_filter_all" time="0.048" /><testcase classname="backend.tests.test_audit_movement_log.TestRecentEndpoint" name="test_recent_no_match" time="0.047" /><testcase classname="backend.tests.test_audit_movement_log.TestRecentEndpoint" name="test_recent_requires_barcode" time="0.048" /><testcase classname="backend.tests.test_audit_movement_log.TestExportEndpoint" name="test_export_returns_valid_xlsx" time="0.255" /><testcase classname="backend.tests.test_audit_movement_log.TestExportEndpoint" name="test_export_with_filters_still_valid" time="0.068" /><testcase classname="backend.tests.test_audit_movement_log.TestCycleCountHooks" name="test_close_day_logs_assign" time="0.193"><failure message="AssertionError: {&quot;detail&quot;:&quot;Day/project operations are restricted to the client owner.&quot;}&#10;assert 403 == 200&#10; +  where 403 = &lt;Response [403]&gt;.status_code">E   AssertionError: {"detail":"Day/project operations are restricted to the client owner."}
    assert 403 == 200
     +  where 403 = &lt;Response [403]&gt;.status_code</failure></testcase><testcase classname="backend.tests.test_audit_movement_log.TestCycleCountHooks" name="test_reopen_day_logs_revoke" time="0.046"><failure message="AssertionError: {&quot;detail&quot;:&quot;Day/project operations are restricted to the client owner.&quot;}&#10;assert 403 == 200&#10; +  where 403 = &lt;Response [403]&gt;.status_code">E   AssertionError: {"detail":"Day/project operations are restricted to the client owner."}
    assert 403 == 200
     +  where 403 = &lt;Response [403]&gt;.status_code</failure></testcase><testcase classname="backend.tests.test_audit_movement_log.TestCycleCountHooks" name="test_complete_project_logs_assign" time="0.050"><failure message="AssertionError: {&quot;detail&quot;:&quot;Day/project operations are restricted to the client owner.&quot;}&#10;assert 403 == 200&#10; +  where 403 = &lt;Response [403]&gt;.status_code">E   AssertionError: {"detail":"Day/project operations are restricted to the client owner."}
    assert 403 == 200
     +  where 403 = &lt;Response [403]&gt;.status_code</failure></testcase><testcase classname="backend.tests.test_audit_movement_log.TestCycleCountHooks" name="test_reopen_project_logs_revoke" time="0.048"><failure message="AssertionError: {&quot;detail&quot;:&quot;Day/project operations are restricted to the client owner.&quot;}&#10;assert 403 == 200&#10; +  where 403 = &lt;Response [403]&gt;.status_code">E   AssertionError: {"detail":"Day/project operations are restricted to the client owner."}
    assert 403 == 200
     +  where 403 = &lt;Response [403]&gt;.status_code</failure></testcase><testcase classname="backend.tests.test_audit_movement_log.TestCycleCountHooks" name="test_delete_day_logs_delete" time="0.047"><failure message="AssertionError: {&quot;detail&quot;:&quot;Day/project operations are restricted to the client owner.&quot;}&#10;assert 403 == 200&#10; +  where 403 = &lt;Response [403]&gt;.status_code">E   AssertionError: {"detail":"Day/project operations are restricted to the client owner."}
    assert 403 == 200
     +  where 403 = &lt;Response [403]&gt;.status_code</failure></testcase><testcase classname="backend.tests.test_audit_movement_log.TestCycleCountHooks" name="test_delete_project_logs_delete" time="0.048"><failure message="AssertionError: {&quot;detail&quot;:&quot;Day/project operations are restricted to the client owner.&quot;}&#10;assert 403 == 200&#10; +  where 403 = &lt;Response [403]&gt;.status_code">E   AssertionError: {"detail":"Day/project operations are restricted to the client owner."}
    assert 403 == 200
     +  where 403 = &lt;Response [403]&gt;.status_code</failure></testcase><testcase classname="backend.tests.test_audit_movement_log.TestRecoAdjustmentHook" name="test_reco_adjust_warehouse_create" time="0.146"><failure message="AssertionError: {&quot;detail&quot;:&quot;You don't have permission to edit reco for this session.&quot;}&#10;assert 403 == 200&#10; +  where 403 = &lt;Response [403]&gt;.status_code">E   AssertionError: {"detail":"You don't have permission to edit reco for this session."}
    assert 403 == 200
     +  where 403 = &lt;Response [403]&gt;.status_code</failure></testcase><testcase classname="backend.tests.test_audit_movement_log.TestRecoAdjustmentHook" name="test_reco_adjust_zero_logs_deletion" time="0.047"><failure message="AssertionError: {&quot;detail&quot;:&quot;You don't have permission to edit reco for this session.&quot;}&#10;assert 403 == 200&#10; +  where 403 = &lt;Response [403]&gt;.status_code">E   AssertionError: {"detail":"You don't have permission to edit reco for this session."}
    assert 403 == 200
     +  where 403 = &lt;Response [403]&gt;.status_code</failure></testcase><testcase classname="backend.tests.test_audit_movement_log.TestFiltersOnRealData" name="test_filter_by_user_id" time="0.045"><failure message="assert 0 &gt;= 1">E   assert 0 &gt;= 1</failure></testcase><testcase classname="backend.tests.test_audit_movement_log.TestFiltersOnRealData" name="test_filter_module_cycle_count" time="0.046"><failure message="assert 0 &gt;= 1">E   assert 0 &gt;= 1</failure></testcase><testcase classname="backend.tests.test_audit_movement_log.TestFiltersOnRealData" name="test_filter_module_warehouse" time="0.047"><failure message="assert 0 &gt;= 1">E   assert 0 &gt;= 1</failure></testcase><testcase classname="backend.tests.test_audit_movement_log.TestFiltersOnRealData" name="test_filter_by_client_id" time="0.046"><failure message="assert 0 &gt;= 1">E   assert 0 &gt;= 1</failure></testcase><testcase classname="backend.tests.test_audit_movement_log.TestFiltersOnRealData" name="test_filter_by_barcode_substring" time="0.051"><failure message="assert 0 &gt;= 1">E   assert 0 &gt;= 1</failure></testcase><testcase classname="backend.tests.test_audit_movement_log.TestFiltersOnRealData" name="test_filter_by_cycle_day" time="0.047" /><testcase classname="backend.tests.test_audit_movement_log.TestFiltersOnRealData" name="test_filter_by_date_range_inclusive" time="0.046"><failure message="AssertionError: Inclusive same-day date filter must include today's rows&#10;assert 0 &gt;= 1">E   AssertionError: Inclusive same-day date filter must include today's rows
    assert 0 &gt;= 1</failure></testcase><testcase classname="backend.tests.test_audit_movement_log.TestFiltersOnRealData" name="test_filter_by_date_range_past_excludes" time="0.045" /><testcase classname="backend.tests.test_audit_movement_log.TestFiltersOnRealData" name="test_recent_endpoint_returns_rows_after_data" time="0.045"><skipped type="pytest.skip" message="No reco_adjust rows yet">/app/backend/tests/test_audit_movement_log.py:378: No reco_adjust rows yet</skipped></testcase><testcase classname="backend.tests.test_audit_movement_log.TestNonBlockingCodeReview" name="test_log_audit_entry_wrapped_in_try_except" time="0.000" /><testcase classname="backend.tests.test_audit_movement_log.TestMongoIndexes" name="test_indexes_exist" time="0.124" /><testcase classname="backend.tests.test_last_edited_popup_backend.TestRecentEndpointContract" name="test_no_history_returns_empty_logs" time="0.147" /><testcase classname="backend.tests.test_last_edited_popup_backend.TestRecentEndpointContract" name="test_missing_barcode_returns_422" time="0.050" /><testcase classname="backend.tests.test_last_edited_popup_backend.TestRecentEndpointContract" name="test_with_history_returns_rows_for_barcode" time="0.306"><error message="failed on setup with &quot;AssertionError: {&quot;detail&quot;:&quot;You don't have permission to edit reco for this session.&quot;}&#10;assert 403 == 200&#10; +  where 403 = &lt;Response [403]&gt;.status_code&quot;">E   AssertionError: {"detail":"You don't have permission to edit reco for this session."}
    assert 403 == 200
     +  where 403 = &lt;Response [403]&gt;.status_code</error></testcase><testcase classname="backend.tests.test_last_edited_popup_backend.TestRecentEndpointContract" name="test_limit_param_honored" time="0.000"><error message="failed on setup with &quot;AssertionError: {&quot;detail&quot;:&quot;You don't have permission to edit reco for this session.&quot;}&#10;assert 403 == 200&#10; +  where 403 = &lt;Response [403]&gt;.status_code&quot;">E   AssertionError: {"detail":"You don't have permission to edit reco for this session."}
    assert 403 == 200
     +  where 403 = &lt;Response [403]&gt;.status_code</error></testcase><testcase classname="backend.tests.test_last_edited_popup_backend.TestRecentEndpointContract" name="test_default_limit_is_5_or_less" time="0.000"><error message="failed on setup with &quot;AssertionError: {&quot;detail&quot;:&quot;You don't have permission to edit reco for this session.&quot;}&#10;assert 403 == 200&#10; +  where 403 = &lt;Response [403]&gt;.status_code&quot;">E   AssertionError: {"detail":"You don't have permission to edit reco for this session."}
    assert 403 == 200
     +  where 403 = &lt;Response [403]&gt;.status_code</error></testcase><testcase classname="backend.tests.test_last_edited_popup_backend.TestRecentEndpointContract" name="test_results_sorted_desc_by_timestamp" time="0.000"><error message="failed on setup with &quot;AssertionError: {&quot;detail&quot;:&quot;You don't have permission to edit reco for this session.&quot;}&#10;assert 403 == 200&#10; +  where 403 = &lt;Response [403]&gt;.status_code&quot;">E   AssertionError: {"detail":"You don't have permission to edit reco for this session."}
    assert 403 == 200
     +  where 403 = &lt;Response [403]&gt;.status_code</error></testcase><testcase classname="backend.tests.test_last_edited_popup_backend.TestRecentCrossModule" name="test_cross_module_returns_both_modules" time="0.000"><error message="failed on setup with &quot;AssertionError: {&quot;detail&quot;:&quot;You don't have permission to edit reco for this session.&quot;}&#10;assert 403 == 200&#10; +  where 403 = &lt;Response [403]&gt;.status_code&quot;">E   AssertionError: {"detail":"You don't have permission to edit reco for this session."}
    assert 403 == 200
     +  where 403 = &lt;Response [403]&gt;.status_code</error></testcase><testcase classname="backend.tests.test_last_edited_popup_backend.TestRecentClientIdFilter" name="test_client_id_filters_to_one_client" time="0.000"><error message="failed on setup with &quot;AssertionError: {&quot;detail&quot;:&quot;You don't have permission to edit reco for this session.&quot;}&#10;assert 403 == 200&#10; +  where 403 = &lt;Response [403]&gt;.status_code&quot;">E   AssertionError: {"detail":"You don't have permission to edit reco for this session."}
    assert 403 == 200
     +  where 403 = &lt;Response [403]&gt;.status_code</error></testcase><testcase classname="backend.tests.test_last_edited_popup_backend.TestRecentClientIdFilter" name="test_unknown_client_id_returns_empty" time="0.000"><error message="failed on setup with &quot;AssertionError: {&quot;detail&quot;:&quot;You don't have permission to edit reco for this session.&quot;}&#10;assert 403 == 200&#10; +  where 403 = &lt;Response [403]&gt;.status_code&quot;">E   AssertionError: {"detail":"You don't have permission to edit reco for this session."}
    assert 403 == 200
     +  where 403 = &lt;Response [403]&gt;.status_code</error></testcase><testcase classname="backend.tests.test_last_edited_popup_backend.TestExistingEndpointsUnchanged" name="test_reco_adjust_still_returns_success" time="0.053"><failure message="AssertionError: {&quot;detail&quot;:&quot;You don't have permission to edit reco for this session.&quot;}&#10;assert 403 == 200&#10; +  where 403 = &lt;Response [403]&gt;.status_code">E   AssertionError: {"detail":"You don't have permission to edit reco for this session."}
    assert 403 == 200
     +  where 403 = &lt;Response [403]&gt;.status_code</failure></testcase><testcase classname="backend.tests.test_last_edited_popup_backend.TestExistingEndpointsUnchanged" name="test_reco_adjust_still_creates_audit_log" time="0.049"><failure message="AssertionError: {&quot;detail&quot;:&quot;You don't have permission to edit reco for this session.&quot;}&#10;assert 403 == 200&#10; +  where 403 = &lt;Response [403]&gt;.status_code">E   AssertionError: {"detail":"You don't have permission to edit reco for this session."}
    assert 403 == 200
     +  where 403 = &lt;Response [403]&gt;.status_code</failure></testcase><testcase classname="backend.tests.test_last_edited_popup_backend.TestExistingEndpointsUnchanged" name="test_search_endpoint_still_works" time="0.052" /><testcase classname="backend.tests.test_last_edited_popup_backend.TestFrontendSourceStatic" name="test_popup_file_present_and_contracted" time="0.000" /><testcase classname="backend.tests.test_last_edited_popup_backend.TestFrontendSourceStatic" name="test_hook_file_present_and_contracted" time="0.000" /><testcase classname="backend.tests.test_last_edited_popup_backend.TestFrontendSourceStatic" name="test_barcode_edit_cell_wired" time="0.000" /><testcase classname="backend.tests.test_last_edited_popup_backend.TestFrontendSourceStatic" name="test_portal_reports_reco_input_wired" time="0.001" /><testcase classname="backend.tests.test_last_edited_popup_backend.TestFrontendSourceStatic" name="test_fullscreen_report_reco_cell_wired" time="0.108" /><testcase classname="backend.tests.test_role_system.TestMigration" name="test_admin_preserved_after_manual_role_corruption" time="0.171" /><testcase classname="backend.tests.test_role_system.TestMigration" name="test_migration_idempotent_no_viewers_remaining" time="0.006" /><testcase classname="backend.tests.test_role_system.TestMigration" name="test_missing_role_migrated" time="0.005" /><testcase classname="backend.tests.test_role_system.TestRegister" name="test_register_creates_supervisor_unapproved" time="0.364" /><testcase classname="backend.tests.test_role_system.TestMeEndpoint" name="test_me_no_header_401" time="0.106" /><testcase classname="backend.tests.test_role_system.TestMeEndpoint" name="test_me_invalid_id_401" time="0.133" /><testcase classname="backend.tests.test_role_system.TestMeEndpoint" name="test_me_valid_supervisor" time="0.403" /><testcase classname="backend.tests.test_role_system.TestMeEndpoint" name="test_me_unapproved_403" time="0.291" /><testcase classname="backend.tests.test_role_system.TestMeEndpoint" name="test_me_disabled_403" time="0.649" /><testcase classname="backend.tests.test_role_system.TestMeEndpoint" name="test_me_admin_returns_admin_role" time="0.113" /><testcase classname="backend.tests.test_role_system.TestAdminGating" name="test_no_header_401_on_admin_endpoints" time="0.808" /><testcase classname="backend.tests.test_role_system.TestAdminGating" name="test_supervisor_blocked_with_403" time="1.102" /><testcase classname="backend.tests.test_role_system.TestAdminGating" name="test_admin_can_approve_reject_toggle" time="0.533" /><testcase classname="backend.tests.test_role_system.TestRoleEndpoint" name="test_invalid_role_400" time="0.421" /><testcase classname="backend.tests.test_role_system.TestRoleEndpoint" name="test_viewer_alias_accepted" time="0.698" /><testcase classname="backend.tests.test_role_system.TestRoleEndpoint" name="test_set_role_admin" time="0.504" /><testcase classname="backend.tests.test_role_system.TestRoleEndpoint" name="test_set_role_supervisor" time="0.619" /><testcase classname="backend.tests.test_role_system.TestSharedAccess" name="test_users_list_accessible_to_supervisor" time="0.401" /><testcase classname="backend.tests.test_role_system.TestSharedAccess" name="test_audit_logs_search_accessible_to_supervisor" time="0.475" /><testcase classname="backend.tests.test_role_system.TestSharedAccess" name="test_reco_adjustments_accessible_to_supervisor" time="0.429" /><testcase classname="backend.tests.test_role_system.TestE2EPromotion" name="test_supervisor_promoted_to_admin_can_approve" time="0.908" /><testcase classname="backend.tests.test_role_system.TestAdminEndpointEdgeCases" name="test_approve_missing_user_404" time="0.095" /><testcase classname="backend.tests.test_role_system.TestAdminEndpointEdgeCases" name="test_delete_admin_username_forbidden" time="0.107" /></testsuite></testsuites>