<?xml version="1.0" encoding="utf-8"?><testsuites name="pytest tests"><testsuite name="pytest" errors="0" failures="0" skipped="0" tests="44" time="5.614" timestamp="2026-05-26T07:37:49.758476+00:00" hostname="agent-env-e413778d-759c-4e07-8e60-2ace28a2b61b"><testcase classname="backend.tests.test_audit_movement_log.TestSearchEndpoint" name="test_search_empty_filters_returns_shape" time="0.123" /><testcase classname="backend.tests.test_audit_movement_log.TestSearchEndpoint" name="test_pagination_limit_skip" time="0.048" /><testcase classname="backend.tests.test_audit_movement_log.TestSearchEndpoint" name="test_pagination_default_and_cap" time="0.098" /><testcase classname="backend.tests.test_audit_movement_log.TestSearchEndpoint" name="test_module_filter_all" time="0.045" /><testcase classname="backend.tests.test_audit_movement_log.TestRecentEndpoint" name="test_recent_no_match" time="0.050" /><testcase classname="backend.tests.test_audit_movement_log.TestRecentEndpoint" name="test_recent_requires_barcode" time="0.062" /><testcase classname="backend.tests.test_audit_movement_log.TestExportEndpoint" name="test_export_returns_valid_xlsx" time="0.216" /><testcase classname="backend.tests.test_audit_movement_log.TestExportEndpoint" name="test_export_with_filters_still_valid" time="0.053" /><testcase classname="backend.tests.test_audit_movement_log.TestCycleCountHooks" name="test_close_day_logs_assign" time="0.244" /><testcase classname="backend.tests.test_audit_movement_log.TestCycleCountHooks" name="test_reopen_day_logs_revoke" time="0.096" /><testcase classname="backend.tests.test_audit_movement_log.TestCycleCountHooks" name="test_complete_project_logs_assign" time="0.138" /><testcase classname="backend.tests.test_audit_movement_log.TestCycleCountHooks" name="test_reopen_project_logs_revoke" time="0.093" /><testcase classname="backend.tests.test_audit_movement_log.TestCycleCountHooks" name="test_delete_day_logs_delete" time="0.105" /><testcase classname="backend.tests.test_audit_movement_log.TestCycleCountHooks" name="test_delete_project_logs_delete" time="0.096" /><testcase classname="backend.tests.test_audit_movement_log.TestRecoAdjustmentHook" name="test_reco_adjust_warehouse_create" time="0.686" /><testcase classname="backend.tests.test_audit_movement_log.TestRecoAdjustmentHook" name="test_reco_adjust_zero_logs_deletion" time="0.640" /><testcase classname="backend.tests.test_audit_movement_log.TestFiltersOnRealData" name="test_filter_by_user_id" time="0.046" /><testcase classname="backend.tests.test_audit_movement_log.TestFiltersOnRealData" name="test_filter_module_cycle_count" time="0.098" /><testcase classname="backend.tests.test_audit_movement_log.TestFiltersOnRealData" name="test_filter_module_warehouse" time="0.046" /><testcase classname="backend.tests.test_audit_movement_log.TestFiltersOnRealData" name="test_filter_by_client_id" time="0.049" /><testcase classname="backend.tests.test_audit_movement_log.TestFiltersOnRealData" name="test_filter_by_barcode_substring" time="0.050" /><testcase classname="backend.tests.test_audit_movement_log.TestFiltersOnRealData" name="test_filter_by_cycle_day" time="0.046" /><testcase classname="backend.tests.test_audit_movement_log.TestFiltersOnRealData" name="test_filter_by_date_range_inclusive" time="0.047" /><testcase classname="backend.tests.test_audit_movement_log.TestFiltersOnRealData" name="test_filter_by_date_range_past_excludes" time="0.046" /><testcase classname="backend.tests.test_audit_movement_log.TestFiltersOnRealData" name="test_recent_endpoint_returns_rows_after_data" time="0.095" /><testcase classname="backend.tests.test_audit_movement_log.TestNonBlockingCodeReview" name="test_log_audit_entry_wrapped_in_try_except" time="0.000" /><testcase classname="backend.tests.test_audit_movement_log.TestMongoIndexes" name="test_indexes_exist" time="0.182" /><testcase classname="backend.tests.test_last_edited_popup_backend.TestRecentEndpointContract" name="test_no_history_returns_empty_logs" time="0.110" /><testcase classname="backend.tests.test_last_edited_popup_backend.TestRecentEndpointContract" name="test_missing_barcode_returns_422" time="0.087" /><testcase classname="backend.tests.test_last_edited_popup_backend.TestRecentEndpointContract" name="test_with_history_returns_rows_for_barcode" time="1.169" /><testcase classname="backend.tests.test_last_edited_popup_backend.TestRecentEndpointContract" name="test_limit_param_honored" time="0.050" /><testcase classname="backend.tests.test_last_edited_popup_backend.TestRecentEndpointContract" name="test_default_limit_is_5_or_less" time="0.050" /><testcase classname="backend.tests.test_last_edited_popup_backend.TestRecentEndpointContract" name="test_results_sorted_desc_by_timestamp" time="0.051" /><testcase classname="backend.tests.test_last_edited_popup_backend.TestRecentCrossModule" name="test_cross_module_returns_both_modules" time="0.051" /><testcase classname="backend.tests.test_last_edited_popup_backend.TestRecentClientIdFilter" name="test_client_id_filters_to_one_client" time="0.051" /><testcase classname="backend.tests.test_last_edited_popup_backend.TestRecentClientIdFilter" name="test_unknown_client_id_returns_empty" time="0.070" /><testcase classname="backend.tests.test_last_edited_popup_backend.TestExistingEndpointsUnchanged" name="test_reco_adjust_still_returns_success" time="0.052" /><testcase classname="backend.tests.test_last_edited_popup_backend.TestExistingEndpointsUnchanged" name="test_reco_adjust_still_creates_audit_log" time="0.105" /><testcase classname="backend.tests.test_last_edited_popup_backend.TestExistingEndpointsUnchanged" name="test_search_endpoint_still_works" time="0.077" /><testcase classname="backend.tests.test_last_edited_popup_backend.TestFrontendSourceStatic" name="test_popup_file_present_and_contracted" time="0.000" /><testcase classname="backend.tests.test_last_edited_popup_backend.TestFrontendSourceStatic" name="test_hook_file_present_and_contracted" time="0.000" /><testcase classname="backend.tests.test_last_edited_popup_backend.TestFrontendSourceStatic" name="test_barcode_edit_cell_wired" time="0.000" /><testcase classname="backend.tests.test_last_edited_popup_backend.TestFrontendSourceStatic" name="test_portal_reports_reco_input_wired" time="0.001" /><testcase classname="backend.tests.test_last_edited_popup_backend.TestFrontendSourceStatic" name="test_fullscreen_report_reco_cell_wired" time="0.110" /></testsuite></testsuites>