<?xml version="1.0" encoding="utf-8"?><testsuites name="pytest tests"><testsuite name="pytest" errors="0" failures="0" skipped="0" tests="23" time="17.570" timestamp="2026-05-26T07:37:26.213369+00:00" hostname="agent-env-e413778d-759c-4e07-8e60-2ace28a2b61b"><testcase classname="backend.tests.test_role_system.TestMigration" name="test_admin_preserved_after_manual_role_corruption" time="0.168" /><testcase classname="backend.tests.test_role_system.TestMigration" name="test_migration_idempotent_no_viewers_remaining" time="0.006" /><testcase classname="backend.tests.test_role_system.TestMigration" name="test_missing_role_migrated" time="0.005" /><testcase classname="backend.tests.test_role_system.TestRegister" name="test_register_creates_supervisor_unapproved" time="0.331" /><testcase classname="backend.tests.test_role_system.TestMeEndpoint" name="test_me_no_header_401" time="0.115" /><testcase classname="backend.tests.test_role_system.TestMeEndpoint" name="test_me_invalid_id_401" time="0.105" /><testcase classname="backend.tests.test_role_system.TestMeEndpoint" name="test_me_valid_supervisor" time="0.417" /><testcase classname="backend.tests.test_role_system.TestMeEndpoint" name="test_me_unapproved_403" time="0.324" /><testcase classname="backend.tests.test_role_system.TestMeEndpoint" name="test_me_disabled_403" time="0.639" /><testcase classname="backend.tests.test_role_system.TestMeEndpoint" name="test_me_admin_returns_admin_role" time="0.099" /><testcase classname="backend.tests.test_role_system.TestAdminGating" name="test_no_header_401_on_admin_endpoints" time="0.828" /><testcase classname="backend.tests.test_role_system.TestAdminGating" name="test_supervisor_blocked_with_403" time="1.024" /><testcase classname="backend.tests.test_role_system.TestAdminGating" name="test_admin_can_approve_reject_toggle" time="0.526" /><testcase classname="backend.tests.test_role_system.TestRoleEndpoint" name="test_invalid_role_400" time="0.407" /><testcase classname="backend.tests.test_role_system.TestRoleEndpoint" name="test_viewer_alias_accepted" time="0.627" /><testcase classname="backend.tests.test_role_system.TestRoleEndpoint" name="test_set_role_admin" time="0.517" /><testcase classname="backend.tests.test_role_system.TestRoleEndpoint" name="test_set_role_supervisor" time="1.646" /><testcase classname="backend.tests.test_role_system.TestSharedAccess" name="test_users_list_accessible_to_supervisor" time="0.401" /><testcase classname="backend.tests.test_role_system.TestSharedAccess" name="test_audit_logs_search_accessible_to_supervisor" time="0.412" /><testcase classname="backend.tests.test_role_system.TestSharedAccess" name="test_reco_adjustments_accessible_to_supervisor" time="0.446" /><testcase classname="backend.tests.test_role_system.TestE2EPromotion" name="test_supervisor_promoted_to_admin_can_approve" time="8.126" /><testcase classname="backend.tests.test_role_system.TestAdminEndpointEdgeCases" name="test_approve_missing_user_404" time="0.114" /><testcase classname="backend.tests.test_role_system.TestAdminEndpointEdgeCases" name="test_delete_admin_username_forbidden" time="0.105" /></testsuite></testsuites>